MPASM 5.84           SEVENSEGMENTDISPLAY.ASM   10-7-2019  18:29:12         PAGE  1


LOC  OBJECT CODE     LINE SOURCE TEXT
  VALUE

                      00001 ; DIGIT DEFS
                      00002 #DEFINE DIGIT_ZERO 0xC0
                      00003 #DEFINE DIGIT_ONE 0xF9
                      00004 #DEFINE DIGIT_TWO 0xA4
                      00005 #DEFINE DIGIT_THREE 0xB0
                      00006 #DEFINE DIGIT_FOUR 0x99
                      00007 #DEFINE DIGIT_FIVE 0x92
                      00008 #DEFINE DIGIT_SIX 0x82
                      00009 #DEFINE DIGIT_SEVEN 0xF8
                      00010 #DEFINE DIGIT_EIGHT 0x80
                      00011 #DEFINE DIGIT_NINE 0x98
                      00012     
                      00013 #DEFINE NUM_ONE 0x3E
                      00014 #DEFINE NUM_TWO 0x3D
                      00015 #DEFINE NUM_THREE 0x37
                      00016 #DEFINE NUM_FOUR 0x3B
                      00017 #DEFINE NUM_FIVE 0x1F
                      00018 #DEFINE NUM_SIX 0x2F
                      00019     
                      00020 #DEFINE MEM_DIGIT_START 0x30
                      00021 #DEFINE MEM_COUNTER MEM_DIGIT_START + 10
                      00022 #DEFINE MEM_INNER_DELAY MEM_DIGIT_START + 11
                      00023 #DEFINE VAL_INNER_DELAY 0xFF
                      00024 #DEFINE MEM_OUTER_DELAY MEM_DIGIT_START + 12
                      00025 #DEFINE VAL_OUTER_DELAY 0xAF
                      00026     
                      00027 #INCLUDE<P16F877A.INC>
                      00001         LIST
                      00002 
                      00003 ;==========================================================================
                      00004 ; Build date : Mar 17 2019
                      00005 ;  MPASM PIC16F877A processor include
                      00006 ; 
                      00007 ;  (c) Copyright 1999-2019 Microchip Technology, All rights reserved
                      00008 ;==========================================================================
                      00009 
                      00567         LIST
2007   1832           00028     __CONFIG _DEBUG_OFF&_CP_ALL&_WRT_HALF&_CPD_ON&_LVP_OFF&_BODEN_OFF&_PWRTE_ON&_WDT_OFF&_HS_OSC
                      00029     ORG 00H
                      00030     
0000   1683           00031     BSF STATUS, RP0 ; SELECT BANK 1
0001   1303           00032     BCF STATUS, RP1
                      00033     
0002   3006           00034     MOVLW 06H ; SET OUTS TO DIGITAL
Message[302]: Register in operand not in bank 0.  Ensure that bank bits are correct.
0003   009F           00035     MOVWF ADCON1
                      00036     
0004   1283           00037     BCF STATUS, RP0 ; SELECT BANK 0
                      00038     
0005   3009           00039     MOVLW 0x09
0006   00C0           00040     MOVWF MEM_COUNTER
                      00041     
                      00042     ; MOVE ALL DIGITS INTO MEMORY
MPASM 5.84           SEVENSEGMENTDISPLAY.ASM   10-7-2019  18:29:12         PAGE  2


LOC  OBJECT CODE     LINE SOURCE TEXT
  VALUE

0007   30C0           00043     MOVLW DIGIT_ZERO
0008   00B0           00044     MOVWF MEM_DIGIT_START
                      00045     
0009   30F9           00046     MOVLW DIGIT_ONE
000A   00B1           00047     MOVWF MEM_DIGIT_START + 1
                      00048     
000B   30A4           00049     MOVLW DIGIT_TWO
000C   00B2           00050     MOVWF MEM_DIGIT_START + 2
                      00051     
000D   30B0           00052     MOVLW DIGIT_THREE
000E   00B3           00053     MOVWF MEM_DIGIT_START + 3
                      00054     
000F   3099           00055     MOVLW DIGIT_FOUR
0010   00B4           00056     MOVWF MEM_DIGIT_START + 4
                      00057     
0011   3092           00058     MOVLW DIGIT_FIVE
0012   00B5           00059     MOVWF MEM_DIGIT_START + 5
                      00060     
0013   3082           00061     MOVLW DIGIT_SIX
0014   00B6           00062     MOVWF MEM_DIGIT_START + 6
                      00063     
0015   30F8           00064     MOVLW DIGIT_SEVEN
0016   00B7           00065     MOVWF MEM_DIGIT_START + 7
                      00066     
0017   3080           00067     MOVLW DIGIT_EIGHT
0018   00B8           00068     MOVWF MEM_DIGIT_START + 8
                      00069     
0019   3098           00070     MOVLW DIGIT_NINE
001A   00B9           00071     MOVWF MEM_DIGIT_START + 9
                      00072     
001B   1683           00073     BSF STATUS, RP0 ; SELECT BANK 1
001C   1303           00074     BCF STATUS, RP1
                      00075         
001D   30C0           00076     MOVLW B'11000000' ; SET FIRST SIX PORTS TO OUTPUT
Message[302]: Register in operand not in bank 0.  Ensure that bank bits are correct.
001E   0085           00077     MOVWF TRISA 
                      00078     
                      00079     ; SEGMENTS
001F   3000           00080     MOVLW 00H ; SET ALL PINS TO OUTPUT
Message[302]: Register in operand not in bank 0.  Ensure that bank bits are correct.
0020   0088           00081     MOVWF TRISD
                      00082     
0021   1283           00083     BCF STATUS, RP0 ; SELECT BANK 0
                      00084     
0022   3037           00085     MOVLW NUM_THREE ; b'11111110' ; ONLY DISPLAY ON THE FIRST DISP
0023   0085           00086     MOVWF PORTA
                      00087     
0024   2???           00088     GOTO LOOP_ZERO_TO_NINE
                      00089     
0025                  00090 SET_DIGIT:
0025   3030           00091     MOVLW MEM_DIGIT_START
0026   0740           00092     ADDWF MEM_COUNTER, W
0027   0084           00093     MOVWF FSR
MPASM 5.84           SEVENSEGMENTDISPLAY.ASM   10-7-2019  18:29:12         PAGE  3


LOC  OBJECT CODE     LINE SOURCE TEXT
  VALUE

0028   0800           00094     MOVF INDF, W
0029   0088           00095     MOVWF PORTD
002A   0008           00096     RETURN
                      00097 
002B                  00098 COUNT:
002B   0BC0           00099     DECFSZ MEM_COUNTER, 1
002C   0008           00100         RETURN
002D   3009           00101     MOVLW 0x09
002E   00C0           00102     MOVWF MEM_COUNTER
                      00103     
002F                  00104 DELAY:
002F   30AF           00105     MOVLW VAL_OUTER_DELAY
0030   00C2           00106     MOVWF MEM_OUTER_DELAY
0031   2???           00107     GOTO OUTER_DELAY_LOOP
                      00108     
0032                  00109 OUTER_DELAY_LOOP:
0032   30FF           00110     MOVLW VAL_INNER_DELAY
0033   00C1           00111     MOVWF MEM_INNER_DELAY
0034   2???           00112     GOTO INNER_DELAY_LOOP
                      00113     
0035                  00114 INNER_DELAY_LOOP:
0035   0BC1           00115     DECFSZ MEM_INNER_DELAY, F
0036   2???           00116     GOTO INNER_DELAY_LOOP
                      00117     
0037   0BC2           00118     DECFSZ MEM_OUTER_DELAY, F
0038   2???           00119     GOTO OUTER_DELAY_LOOP
0039   0008           00120     RETURN
                      00121 
003A                  00122 LOOP_ZERO_TO_NINE:
003A   2???           00123     CALL SET_DIGIT
003B   2???           00124     CALL DELAY
003C   2???           00125     CALL DELAY
003D   2???           00126     CALL DELAY
003E   2???           00127     CALL DELAY
003F   2???           00128     CALL COUNT
0040   2???           00129     GOTO LOOP_ZERO_TO_NINE
                      00130     
0041                  00131 LOOP:
0041   0000           00132     NOP
0042   2???           00133     GOTO LOOP
1832                  00134     END
MPASM 5.84           SEVENSEGMENTDISPLAY.ASM   10-7-2019  18:29:12         PAGE  4


SYMBOL TABLE
  LABEL                             VALUE 

ACKDT                             00000005
ACKEN                             00000004
ACKSTAT                           00000006
ADCON0                            0000001F
ADCON1                            0000009F
ADCS0                             00000006
ADCS1                             00000007
ADCS2                             00000006
ADDEN                             00000003
ADFM                              00000007
ADIE                              00000006
ADIF                              00000006
ADON                              00000000
ADRESH                            0000001E
ADRESL                            0000009E
BCLIE                             00000003
BCLIF                             00000003
BF                                00000000
BRGH                              00000002
C                                 00000000
C1INV                             00000004
C1OUT                             00000006
C2INV                             00000005
C2OUT                             00000007
CCP1CON                           00000017
CCP1IE                            00000002
CCP1IF                            00000002
CCP1M0                            00000000
CCP1M1                            00000001
CCP1M2                            00000002
CCP1M3                            00000003
CCP1X                             00000005
CCP1Y                             00000004
CCP2CON                           0000001D
CCP2IE                            00000000
CCP2IF                            00000000
CCP2M0                            00000000
CCP2M1                            00000001
CCP2M2                            00000002
CCP2M3                            00000003
CCP2X                             00000005
CCP2Y                             00000004
CCPR1                             00000015
CCPR1H                            00000016
CCPR1L                            00000015
CCPR2                             0000001B
CCPR2H                            0000001C
CCPR2L                            0000001B
CHS0                              00000003
CHS1                              00000004
CHS2                              00000005
CIS                               00000003
CKE                               00000006
MPASM 5.84           SEVENSEGMENTDISPLAY.ASM   10-7-2019  18:29:12         PAGE  5


SYMBOL TABLE
  LABEL                             VALUE 

CKP                               00000004
CM0                               00000000
CM1                               00000001
CM2                               00000002
CMCON                             0000009C
CMIE                              00000006
CMIF                              00000006
COUNT                             0000002B
CREN                              00000004
CSRC                              00000007
CVR0                              00000000
CVR1                              00000001
CVR2                              00000002
CVR3                              00000003
CVRCON                            0000009D
CVREN                             00000007
CVROE                             00000006
CVRR                              00000005
D                                 00000005
DATA_ADDRESS                      00000005
DC                                00000001
DELAY                             0000002F
DIGIT_EIGHT                       0x80
DIGIT_FIVE                        0x92
DIGIT_FOUR                        0x99
DIGIT_NINE                        0x98
DIGIT_ONE                         0xF9
DIGIT_SEVEN                       0xF8
DIGIT_SIX                         0x82
DIGIT_THREE                       0xB0
DIGIT_TWO                         0xA4
DIGIT_ZERO                        0xC0
D_A                               00000005
D_NOT_A                           00000005
EEADR                             0000010D
EEADRH                            0000010F
EECON1                            0000018C
EECON2                            0000018D
EEDATA                            0000010C
EEDATH                            0000010E
EEIE                              00000004
EEIF                              00000004
EEPGD                             00000007
F                                 00000001
FERR                              00000002
FSR                               00000004
GCEN                              00000007
GIE                               00000007
GO                                00000002
GO_DONE                           00000002
GO_NOT_DONE                       00000002
I2C_DATA                          00000005
I2C_READ                          00000002
MPASM 5.84           SEVENSEGMENTDISPLAY.ASM   10-7-2019  18:29:12         PAGE  6


SYMBOL TABLE
  LABEL                             VALUE 

I2C_START                         00000003
I2C_STOP                          00000004
IBF                               00000007
IBOV                              00000005
INDF                              00000000
INNER_DELAY_LOOP                  00000035
INTCON                            0000000B
INTE                              00000004
INTEDG                            00000006
INTF                              00000001
IRP                               00000007
LOOP                              00000041
LOOP_ZERO_TO_NINE                 0000003A
MEM_COUNTER                       MEM_DIGIT_START + 10
MEM_DIGIT_START                   0x30
MEM_INNER_DELAY                   MEM_DIGIT_START + 11
MEM_OUTER_DELAY                   MEM_DIGIT_START + 12
NOT_A                             00000005
NOT_ADDRESS                       00000005
NOT_BO                            00000000
NOT_BOR                           00000000
NOT_DONE                          00000002
NOT_PD                            00000003
NOT_POR                           00000001
NOT_RBPU                          00000007
NOT_RC8                           00000006
NOT_T1SYNC                        00000002
NOT_TO                            00000004
NOT_TX8                           00000006
NOT_W                             00000002
NOT_WRITE                         00000002
NUM_FIVE                          0x1F
NUM_FOUR                          0x3B
NUM_ONE                           0x3E
NUM_SIX                           0x2F
NUM_THREE                         0x37
NUM_TWO                           0x3D
OBF                               00000006
OERR                              00000001
OPTION_REG                        00000081
OUTER_DELAY_LOOP                  00000032
P                                 00000004
PCFG0                             00000000
PCFG1                             00000001
PCFG2                             00000002
PCFG3                             00000003
PCL                               00000002
PCLATH                            0000000A
PCON                              0000008E
PEIE                              00000006
PEN                               00000002
PIE1                              0000008C
PIE2                              0000008D
MPASM 5.84           SEVENSEGMENTDISPLAY.ASM   10-7-2019  18:29:12         PAGE  7


SYMBOL TABLE
  LABEL                             VALUE 

PIR1                              0000000C
PIR2                              0000000D
PORTA                             00000005
PORTB                             00000006
PORTC                             00000007
PORTD                             00000008
PORTE                             00000009
PR2                               00000092
PS0                               00000000
PS1                               00000001
PS2                               00000002
PSA                               00000003
PSPIE                             00000007
PSPIF                             00000007
PSPMODE                           00000004
R                                 00000002
RA0                               00000000
RA1                               00000001
RA2                               00000002
RA3                               00000003
RA4                               00000004
RA5                               00000005
RB0                               00000000
RB1                               00000001
RB2                               00000002
RB3                               00000003
RB4                               00000004
RB5                               00000005
RB6                               00000006
RB7                               00000007
RBIE                              00000003
RBIF                              00000000
RC0                               00000000
RC1                               00000001
RC2                               00000002
RC3                               00000003
RC4                               00000004
RC5                               00000005
RC6                               00000006
RC7                               00000007
RC8_9                             00000006
RC9                               00000006
RCD8                              00000000
RCEN                              00000003
RCIE                              00000005
RCIF                              00000005
RCREG                             0000001A
RCSTA                             00000018
RD                                00000000
RD0                               00000000
RD1                               00000001
RD2                               00000002
RD3                               00000003
MPASM 5.84           SEVENSEGMENTDISPLAY.ASM   10-7-2019  18:29:12         PAGE  8


SYMBOL TABLE
  LABEL                             VALUE 

RD4                               00000004
RD5                               00000005
RD6                               00000006
RD7                               00000007
RE0                               00000000
RE1                               00000001
RE2                               00000002
READ_WRITE                        00000002
RP0                               00000005
RP1                               00000006
RSEN                              00000001
RX9                               00000006
RX9D                              00000000
R_NOT_W                           00000002
R_W                               00000002
S                                 00000003
SEN                               00000000
SET_DIGIT                         00000025
SMP                               00000007
SPBRG                             00000099
SPEN                              00000007
SREN                              00000005
SSPADD                            00000093
SSPBUF                            00000013
SSPCON                            00000014
SSPCON2                           00000091
SSPEN                             00000005
SSPIE                             00000003
SSPIF                             00000003
SSPM0                             00000000
SSPM1                             00000001
SSPM2                             00000002
SSPM3                             00000003
SSPOV                             00000006
SSPSTAT                           00000094
STATUS                            00000003
SYNC                              00000004
T0CS                              00000005
T0IE                              00000005
T0IF                              00000002
T0SE                              00000004
T1CKPS0                           00000004
T1CKPS1                           00000005
T1CON                             00000010
T1INSYNC                          00000002
T1OSCEN                           00000003
T1SYNC                            00000002
T2CKPS0                           00000000
T2CKPS1                           00000001
T2CON                             00000012
TMR0                              00000001
TMR0IE                            00000005
TMR0IF                            00000002
MPASM 5.84           SEVENSEGMENTDISPLAY.ASM   10-7-2019  18:29:12         PAGE  9


SYMBOL TABLE
  LABEL                             VALUE 

TMR1                              0000000E
TMR1CS                            00000001
TMR1H                             0000000F
TMR1IE                            00000000
TMR1IF                            00000000
TMR1L                             0000000E
TMR1ON                            00000000
TMR2                              00000011
TMR2IE                            00000001
TMR2IF                            00000001
TMR2ON                            00000002
TOUTPS0                           00000003
TOUTPS1                           00000004
TOUTPS2                           00000005
TOUTPS3                           00000006
TRISA                             00000085
TRISA0                            00000000
TRISA1                            00000001
TRISA2                            00000002
TRISA3                            00000003
TRISA4                            00000004
TRISA5                            00000005
TRISB                             00000086
TRISB0                            00000000
TRISB1                            00000001
TRISB2                            00000002
TRISB3                            00000003
TRISB4                            00000004
TRISB5                            00000005
TRISB6                            00000006
TRISB7                            00000007
TRISC                             00000087
TRISC0                            00000000
TRISC1                            00000001
TRISC2                            00000002
TRISC3                            00000003
TRISC4                            00000004
TRISC5                            00000005
TRISC6                            00000006
TRISC7                            00000007
TRISD                             00000088
TRISD0                            00000000
TRISD1                            00000001
TRISD2                            00000002
TRISD3                            00000003
TRISD4                            00000004
TRISD5                            00000005
TRISD6                            00000006
TRISD7                            00000007
TRISE                             00000089
TRISE0                            00000000
TRISE1                            00000001
TRISE2                            00000002
MPASM 5.84           SEVENSEGMENTDISPLAY.ASM   10-7-2019  18:29:12         PAGE 10


SYMBOL TABLE
  LABEL                             VALUE 

TRMT                              00000001
TX8_9                             00000006
TX9                               00000006
TX9D                              00000000
TXD8                              00000000
TXEN                              00000005
TXIE                              00000004
TXIF                              00000004
TXREG                             00000019
TXSTA                             00000098
UA                                00000001
VAL_INNER_DELAY                   0xFF
VAL_OUTER_DELAY                   0xAF
W                                 00000000
WCOL                              00000007
WR                                00000001
WREN                              00000002
WRERR                             00000003
Z                                 00000002
_BODEN_OFF                        00003FBF
_BODEN_ON                         00003FFF
_BOREN_OFF                        00003FBF
_BOREN_ON                         00003FFF
_CONFIG                           00002007
_CPD_OFF                          00003FFF
_CPD_ON                           00003EFF
_CP_ALL                           00001FFF
_CP_OFF                           00003FFF
_CP_ON                            00001FFF
_DEBUG_OFF                        00003FFF
_DEBUG_ON                         000037FF
_DEVID1                           00002006
_FOSC_EXTRC                       00003FFF
_FOSC_HS                          00003FFE
_FOSC_LP                          00003FFC
_FOSC_XT                          00003FFD
_HS_OSC                           00003FFE
_IDLOC0                           00002000
_IDLOC1                           00002001
_IDLOC2                           00002002
_IDLOC3                           00002003
_LP_OSC                           00003FFC
_LVP_OFF                          00003F7F
_LVP_ON                           00003FFF
_PWRTE_OFF                        00003FFF
_PWRTE_ON                         00003FF7
_RC_OSC                           00003FFF
_WDTE_OFF                         00003FFB
_WDTE_ON                          00003FFF
_WDT_OFF                          00003FFB
_WDT_ON                           00003FFF
_WRT_1FOURTH                      00003BFF
_WRT_256                          00003DFF
MPASM 5.84           SEVENSEGMENTDISPLAY.ASM   10-7-2019  18:29:12         PAGE 11


SYMBOL TABLE
  LABEL                             VALUE 

_WRT_HALF                         000039FF
_WRT_OFF                          00003FFF
_XT_OSC                           00003FFD
__16F877A                         00000001

Errors   :     0
Warnings :     0 reported,     0 suppressed
Messages :     3 reported,     0 suppressed

